Native configuration is alphaev56-unknown-linux-gnu

		=== libstdc++-v3 tests ===


Detailed test results in ./testsuite/20010119-mkcheck.txt
+: pass, -b: build failure, -r: run failure, x: disabled
------------------------------------------------------------------------
static	shared	test
------------------------------------------------------------------------
+	+	17_intro/header_ciso646.cc
+	+	17_intro/header_cstdio.cc
+	+	17_intro/header_cstdlib.cc
+	+	17_intro/header_cstring.cc
+	+	17_intro/header_ctime.cc
+	+	17_intro/header_cwchar.cc
+	+	17_intro/header_cwctype.cc
+	+	17_intro/header_fstream.cc
+	+	17_intro/header_iomanip.cc
+	+	17_intro/header_ios.cc
+	+	17_intro/header_iosfwd.cc
+	+	17_intro/header_iostream.cc
+	+	17_intro/header_istream.cc
+	+	17_intro/header_ostream.cc
+	+	17_intro/headers.cc
+	+	17_intro/headers_c.cc
+	+	17_intro/headers_c++.cc
+	+	17_intro/header_sstream.cc
+	+	17_intro/header_streambuf.cc
+	+	18_support/numeric_limits.cc
+	+	20_util/auto_ptr.cc
+	+	21_strings/append.cc
+	+	21_strings/capacity.cc
+	+	21_strings/char_traits.cc
+	+	21_strings/compare.cc
+	+	21_strings/ctor_copy_dtor.cc
+	+	21_strings/element_access.cc
+	+	21_strings/find.cc
+	+	21_strings/insert.cc
+	+	21_strings/inserters_extractors.cc
+	+	21_strings/invariants.cc
+	+	21_strings/nonmember.cc
+	+	21_strings/operations.cc
+	+	21_strings/replace.cc
+	+	21_strings/rfind.cc
+	+	21_strings/substr.cc
+	+	22_locale/codecvt_char_char.cc
+	+	22_locale/codecvt_unicode_char.cc
+	+	22_locale/codecvt_unicode_wchar_t.cc
+	+	22_locale/codecvt_wchar_t_char.cc
+	+	22_locale/ctor_copy_dtor.cc
+	+	22_locale/ctype.cc
+	+	22_locale/ctype_char_members.cc
+	+	22_locale/ctype_wchar_t_members.cc
+	+	22_locale/facet.cc
+	+	22_locale/global_templates.cc
+	+	22_locale/operators.cc
+	+	22_locale/static_members.cc
+	+	23_containers/bitset_ctor.cc
+	+	23_containers/bitset_shift.cc
-b	-b	23_containers/map_operators.cc
+	+	23_containers/multiset.cc
-b	-b	23_containers/set_operators.cc
+	+	23_containers/vector_capacity.cc
+	+	23_containers/vector_ctor.cc
+	+	23_containers/vector_element_access.cc
+	+	23_containers/vector_modifiers.cc
+	+	24_iterators/istreambuf_iterator.cc
+	+	24_iterators/iterator.cc
+	+	25_algorithms/lower_bound.cc
+	+	25_algorithms/min_max.cc
+	+	26_numerics/binary_closure.cc
+	+	26_numerics/buggy_complex.cc
+	+	26_numerics/c_math.cc
+	+	26_numerics/complex_inserters_extractors.cc
+	+	26_numerics/complex_value.cc
+	+	26_numerics/valarray.cc
+	+	27_io/filebuf.cc
+	+	27_io/filebuf_members.cc
+	+	27_io/fpos.cc
+	+	27_io/ifstream_members.cc
+	+	27_io/ios_base_callbacks.cc
-r	-r	27_io/ios_base_members_static.cc
+	+	27_io/ios_base_storage.cc
+	+	27_io/ios_ctor.cc
+	+	27_io/ios_manip_basefield.cc
+	+	27_io/ios_manip_fmtflags.cc
+	+	27_io/ios_members.cc
+	+	27_io/istream.cc
+	+	27_io/istream_extractor_arith.cc
+	+	27_io/istream_extractor_char.cc
+	+	27_io/istream_extractor_other.cc
+	+	27_io/istream_manip.cc
+	+	27_io/istream_seeks.cc
+	+	27_io/istream_sentry.cc
+	+	27_io/istream_unformatted.cc
+	+	27_io/istringstream_members.cc
+	+	27_io/narrow_stream_objects.cc
+	+	27_io/ofstream_members.cc
+	+	27_io/ostream.cc
+	+	27_io/ostream_inserter_arith.cc
+	+	27_io/ostream_inserter_char.cc
+	+	27_io/ostream_inserter_other.cc
+	+	27_io/ostream_manip.cc
+	+	27_io/ostream_seeks.cc
+	+	27_io/ostream_unformatted.cc
+	+	27_io/streambuf.cc
+	+	27_io/stringbuf.cc
+	+	27_io/stringstream.cc
+	+	27_io/wide_stream_objects.cc
+	+	ext/headers.cc
testrun == 1485 seconds

		=== gcc tests ===


Running target unix
FAIL: gcc.c-torture/compile/20001116-1.c,  -O0  
FAIL: gcc.c-torture/compile/20001116-1.c,  -O1  
FAIL: gcc.c-torture/compile/20001116-1.c,  -O2  
FAIL: gcc.c-torture/compile/20001116-1.c,  -O3 -fomit-frame-pointer  
FAIL: gcc.c-torture/compile/20001116-1.c,  -O3 -g  
FAIL: gcc.c-torture/compile/20001116-1.c,  -Os  
FAIL: gcc.c-torture/compile/20010113-1.c,  -O0  
FAIL: gcc.c-torture/compile/20010113-1.c,  -O1  
FAIL: gcc.c-torture/compile/20010113-1.c,  -O2  
FAIL: gcc.c-torture/compile/20010113-1.c,  -O3 -fomit-frame-pointer  
FAIL: gcc.c-torture/compile/20010113-1.c,  -O3 -g  
FAIL: gcc.c-torture/compile/20010113-1.c,  -Os  
FAIL: gcc.c-torture/compile/20010114-2.c,  -O0  
FAIL: gcc.c-torture/compile/20010114-2.c,  -O1  
FAIL: gcc.c-torture/compile/20010114-2.c,  -O2  
FAIL: gcc.c-torture/compile/20010114-2.c,  -O3 -fomit-frame-pointer  
FAIL: gcc.c-torture/compile/20010114-2.c,  -O3 -g  
FAIL: gcc.c-torture/compile/20010114-2.c,  -Os  
FAIL: gcc.c-torture/execute/20001130-2.c execution,  -O2 
FAIL: gcc.c-torture/execute/20001130-2.c execution,  -Os 
FAIL: gcc.c-torture/execute/built-in-setjmp.c execution,  -O3 -fomit-frame-pointer 
FAIL: gcc.c-torture/execute/built-in-setjmp.c execution,  -O3 -fomit-frame-pointer -funroll-loops 
FAIL: gcc.c-torture/execute/built-in-setjmp.c execution,  -O3 -fomit-frame-pointer -funroll-all-loops -finline-functions 
FAIL: gcc.c-torture/execute/built-in-setjmp.c execution,  -O3 -g 
XPASS: gcc.c-torture/execute/memcheck/blkarg.c execution,  -O0 
XPASS: gcc.c-torture/execute/memcheck/blkarg.c execution,  -O1 
XPASS: gcc.c-torture/execute/memcheck/blkarg.c execution,  -O2 
XPASS: gcc.c-torture/execute/memcheck/blkarg.c execution,  -Os 
FAIL: gcc.c-torture/unsorted/loop386.c,  -O3 -g  
FAIL: gcc.dg/c99-float-1.c (test for excess errors)
FAIL: gcc.dg/sequence-pt-1.c sequence point warning (test for warnings, line 59)

		=== gcc Summary ===

# of expected passes		14768
# of unexpected failures	27
# of unexpected successes	4
# of expected failures		72
# of unsupported tests		48
/usr/src/redhat/BUILD/obj-alphaev56-linux/gcc/xgcc version 2.97 20010119 (experimental)

		=== g++ tests ===


Running target unix
FAIL: g++.dg/vtgc1.C (test for excess errors)
FAIL: g++.eh/badalloc1.C  Execution test
FAIL: g++.ext/instantiate1.C not instantiated (test for errors, line 20)
FAIL: g++.ext/instantiate3.C not instantiated (test for errors, line 13)
FAIL: g++.jason/2371.C (test for excess errors)
FAIL: g++.other/call1.C  Execution test
FAIL: g++.other/crash18.C (test for excess errors)
FAIL: g++.other/crash32.C (test for excess errors)
FAIL: g++.other/eh3.C  Execution test
FAIL: g++.other/loop2.C caused compiler crash

		=== g++ Summary ===

# of expected passes		6236
# of unexpected failures	10
# of expected failures		92
# of unresolved testcases	1
# of untested testcases		18
/usr/src/redhat/BUILD/obj-alphaev56-linux/gcc/testsuite/../g++ version 2.97 20010119 (experimental)

		=== g77 tests ===


Running target unix

		=== g77 Summary ===

# of expected passes		919
		=== objc tests ===


Running target unix
FAIL: objc/execute/fdecl.m compilation,  -O 
FAIL: objc/execute/np-1.m compilation,  -O 
FAIL: objc/execute/np-2.m compilation,  -O 
FAIL: objc/execute/protocol.m compilation,  -O 

		=== objc Summary ===

# of expected passes		46
# of unexpected failures	4
# of untested testcases		4
/usr/src/redhat/BUILD/obj-alphaev56-linux/gcc/xgcc version 2.97 20010119 (experimental)


Compiler version: 2.97 20010119 (experimental) 
Platform: alphaev56-unknown-linux-gnu
configure flags: --host=alphaev56-unknown-linux-gnu
Counting all warnings,
there are 56 warnings in stage3 of this bootstrap.

Number of warnings per file:
      6	gcc/loop.c
      6	gcc/cp/pt.c
      5	gcc/cp/error.c
      4	gcc/java/lex.c
      3	gcc/reload1.c
      3	gcc/gcc.c
      3	gcc/config/alpha/alpha.c
      2	gcc/reload.c
      2	gcc/java/verify.c
      2	gcc/expr.c
      2	gcc/cp/call.c
      1	gcc/sdbout.c
      1	gcc/sched-deps.c
      1	gcc/regmove.c
      1	gcc/objc/lang-specs.h
      1	gcc/jump.c
      1	gcc/java/mangle.c
      1	gcc/java/jvspec.c
      1	gcc/java/jcf-write.c
      1	gcc/fold-const.c
      1	gcc/f/lang-specs.h
      1	gcc/final.c
      1	gcc/dwarf2out.c
      1	gcc/cppexp.c
      1	gcc/cp/lang-specs.h
      1	gcc/cp/errfn.c
      1	gcc/combine.c
      1	gcc/c-lex.c
      1	gcc/builtins.c

Number of warning types:
     21	comparison between signed and unsigned
     11	\`???' might be used uninitialized in this function
      6	string length \`???' is greater than the minimum length \`???' ISO C89 is required to support
      5	initialization from incompatible pointer type
      4	passing arg ??? of \`???' from incompatible pointer type
      2	function declaration isn't a prototype
      1	unused variable \`???'
      1	traditional C rejects string concatenation
      1	pointer targets in passing arg ??? of \`???' differ in signedness
      1	\`long' switch expression not converted to \`int' in ISO C
      1	function-like macro \`strcmp' must be used with arguments in traditional C
      1	\`???' defined but not used
      1	assignment discards qualifiers from pointer target type
