cat <<'EOF' |
Native configuration is i386-pc-linux-gnu

		=== gcc tests ===


Running target unix
FAIL: gcc.c-torture/compile/20001212-1.c,  -O1  
FAIL: gcc.c-torture/compile/20001212-1.c,  -O2  
FAIL: gcc.c-torture/compile/20001212-1.c,  -O3 -fomit-frame-pointer  
FAIL: gcc.c-torture/compile/20001212-1.c,  -O3 -g  
FAIL: gcc.c-torture/compile/20001212-1.c,  -Os  
FAIL: gcc.c-torture/compile/20010113-1.c,  -O0  
FAIL: gcc.c-torture/compile/20010113-1.c,  -O1  
FAIL: gcc.c-torture/compile/20010113-1.c,  -O2  
FAIL: gcc.c-torture/compile/20010113-1.c,  -O3 -fomit-frame-pointer  
FAIL: gcc.c-torture/compile/20010113-1.c,  -O3 -g  
FAIL: gcc.c-torture/compile/20010113-1.c,  -Os  
FAIL: gcc.c-torture/compile/20010114-2.c,  -O0  
FAIL: gcc.c-torture/compile/20010114-2.c,  -O1  
FAIL: gcc.c-torture/compile/20010114-2.c,  -O2  
FAIL: gcc.c-torture/compile/20010114-2.c,  -O3 -fomit-frame-pointer  
FAIL: gcc.c-torture/compile/20010114-2.c,  -O3 -g  
FAIL: gcc.c-torture/compile/20010114-2.c,  -Os  
FAIL: gcc.c-torture/execute/20001009-1.c execution,  -O1 
FAIL: gcc.c-torture/execute/20001009-1.c execution,  -O2 
FAIL: gcc.c-torture/execute/20001009-1.c execution,  -O3 -fomit-frame-pointer 
FAIL: gcc.c-torture/execute/20001009-1.c execution,  -O3 -g 
FAIL: gcc.c-torture/execute/20001009-1.c execution,  -Os 
FAIL: gcc.c-torture/execute/20010114-2.c execution,  -O1 
FAIL: gcc.c-torture/execute/20010114-2.c execution,  -O2 
FAIL: gcc.c-torture/execute/20010114-2.c execution,  -Os 
FAIL: gcc.c-torture/execute/20010119-1.c compilation,  -O1 
FAIL: gcc.c-torture/execute/20010119-1.c compilation,  -O2 
FAIL: gcc.c-torture/execute/20010119-1.c compilation,  -O3 -fomit-frame-pointer 
FAIL: gcc.c-torture/execute/20010119-1.c compilation,  -O3 -fomit-frame-pointer -funroll-loops 
FAIL: gcc.c-torture/execute/20010119-1.c compilation,  -O3 -fomit-frame-pointer -funroll-all-loops -finline-functions 
FAIL: gcc.c-torture/execute/20010119-1.c compilation,  -O3 -g 
FAIL: gcc.c-torture/execute/20010119-1.c compilation,  -Os 
FAIL: gcc.c-torture/execute/960608-1.c execution,  -O3 -fomit-frame-pointer 
FAIL: gcc.c-torture/execute/960608-1.c execution,  -O3 -g 
FAIL: gcc.c-torture/execute/991118-1.c execution,  -O3 -fomit-frame-pointer 
FAIL: gcc.c-torture/execute/991118-1.c execution,  -O3 -g 
FAIL: gcc.c-torture/execute/bf64-1.c execution,  -O3 -fomit-frame-pointer 
FAIL: gcc.c-torture/execute/bf64-1.c execution,  -O3 -g 
FAIL: gcc.c-torture/execute/loop-2b.c execution,  -O2 
FAIL: gcc.dg/20000724-1.c execution test
FAIL: gcc.dg/20001117-1.c (test for excess errors)
FAIL: gcc.dg/sequence-pt-1.c sequence point warning (test for warnings, line 59)

		=== gcc Summary ===

# of expected passes		14826
# of unexpected failures	42
# of expected failures		78
# of unresolved testcases	7
# of unsupported tests		20
/usr/src/redhat/BUILD/gcc/obj-i386-linux/gcc/xgcc version 2.97 20010120 (experimental)

		=== g++ tests ===


Running target unix
FAIL: g++.ext/instantiate1.C not instantiated (test for errors, line 18)
FAIL: g++.ext/instantiate1.C not instantiated (test for errors, line 20)
FAIL: g++.jason/2371.C (test for excess errors)
FAIL: g++.other/loop2.C caused compiler crash

		=== g++ Summary ===

# of expected passes		6274
# of unexpected failures	4
# of expected failures		92
# of untested testcases		9
/usr/src/redhat/BUILD/gcc/obj-i386-linux/gcc/testsuite/../g++ version 2.97 20010120 (experimental)

		=== g77 tests ===


Running target unix
XPASS: g77.f-torture/execute/20010116.f execution,  -O0 
XPASS: g77.f-torture/execute/20010116.f execution,  -O1 
FAIL: g77.f-torture/execute/short.f execution,  -Os 

		=== g77 Summary ===

# of expected passes		910
# of unexpected failures	1
# of unexpected successes	2
# of expected failures		6
		=== objc tests ===


Running target unix
FAIL: objc/execute/fdecl.m compilation,  -O 
FAIL: objc/execute/np-1.m compilation,  -O 
FAIL: objc/execute/np-2.m compilation,  -O 
FAIL: objc/execute/protocol.m compilation,  -O 

		=== objc Summary ===

# of expected passes		46
# of unexpected failures	4
# of untested testcases		4
/usr/src/redhat/BUILD/gcc/obj-i386-linux/gcc/xgcc version 2.97 20010120 (experimental)


Compiler version: 2.97 20010120 (experimental) 
Platform: i386-pc-linux-gnu
configure flags: --host=i386-pc-linux-gnu --prefix=/tmp/gcc-20010120-root/usr/local --enable-shared --enable-threads --disable-checking
EOF
Mail -s "Results for 2.97 20010120 (experimental) testsuite on i386-pc-linux-gnu" gcc-testresults@gcc.gnu.org &&
mv /usr/src/redhat/BUILD/gcc/obj-i386-linux/./gcc/testsuite/gcc.sum /usr/src/redhat/BUILD/gcc/obj-i386-linux/./gcc/testsuite/gcc.sum.sent &&
mv /usr/src/redhat/BUILD/gcc/obj-i386-linux/./gcc/testsuite/g++.sum /usr/src/redhat/BUILD/gcc/obj-i386-linux/./gcc/testsuite/g++.sum.sent &&
mv /usr/src/redhat/BUILD/gcc/obj-i386-linux/./gcc/testsuite/g77.sum /usr/src/redhat/BUILD/gcc/obj-i386-linux/./gcc/testsuite/g77.sum.sent &&
mv /usr/src/redhat/BUILD/gcc/obj-i386-linux/./gcc/testsuite/objc.sum /usr/src/redhat/BUILD/gcc/obj-i386-linux/./gcc/testsuite/objc.sum.sent &&
