Return-Path: <joldham@acl.lanl.gov>
Return-Path: <joldham@acl.lanl.gov>
Received: from localhost (IDENT:mitchell@localhost [127.0.0.1])
	by gandalf.codesourcery.com (8.9.3/8.9.3) with ESMTP id HAA32060
	for <mitchell@localhost>; Thu, 18 Jan 2001 07:28:11 -0800
Delivered-To: mitchell@merlin.codesourcery.com
Received: from pop.codesourcery.com [206.168.99.1]
	by localhost with POP3 (fetchmail-5.5.0)
	for mitchell@localhost (single-drop); Thu, 18 Jan 2001 07:28:12 -0800 (PST)
Received: (qmail 11923 invoked by alias); 18 Jan 2001 15:20:38 -0000
Delivered-To: gcc-discuss@codesourcery.com
Received: (qmail 11919 invoked from network); 18 Jan 2001 15:20:38 -0000
Received: from acl.lanl.gov (128.165.147.1)
  by merlin.codesourcery.com with SMTP; 18 Jan 2001 15:20:38 -0000
Received: from n02.acl.lanl.gov (joldham@n02.acl.lanl.gov [128.165.147.205]) by acl.lanl.gov (8.8.8/8.8.5) with ESMTP id IAA7142090 for <gcc-discuss@codesourcery.com>; Thu, 18 Jan 2001 08:20:37 -0700 (MST)
From: "Jeffrey D. Oldham" <joldham@acl.lanl.gov>
Received: (from joldham@localhost)
	by n02.acl.lanl.gov (8.8.8/8.8.8) id IAA84577
	for gcc-discuss@codesourcery.com; Thu, 18 Jan 2001 08:20:36 -0700 (MST)
Date: Thu, 18 Jan 2001 08:20:36 -0700 (MST)
Message-Id: <200101181520.IAA84577@n02.acl.lanl.gov>
To: gcc-discuss@codesourcery.com
Subject: Results for 2.97 20010117 (experimental) testsuite on
    mips-sgi-irix6.5

Native configuration is mips-sgi-irix6.5

		=== gcc tests ===


Running target unix
FAIL: gcc.c-torture/compile/920723-1.c,  -O3 -fomit-frame-pointer  
FAIL: gcc.c-torture/compile/920723-1.c,  -O3 -fomit-frame-pointer -funroll-loops  
FAIL: gcc.c-torture/compile/920723-1.c,  -O3 -fomit-frame-pointer -funroll-all-loops -finline-functions  
FAIL: gcc.c-torture/compile/920723-1.c,  -O3 -g  
FAIL: gcc.c-torture/compile/20001226-1.c,  -O1  
FAIL: gcc.c-torture/compile/20001226-1.c,  -O2  
FAIL: gcc.c-torture/compile/20001226-1.c,  -O3 -fomit-frame-pointer  
FAIL: gcc.c-torture/compile/20001226-1.c,  -O3 -g  
FAIL: gcc.c-torture/compile/20001226-1.c,  -Os  
FAIL: gcc.c-torture/compile/20010113-1.c,  -O0  
FAIL: gcc.c-torture/compile/20010113-1.c,  -O1  
FAIL: gcc.c-torture/compile/20010113-1.c,  -O2  
FAIL: gcc.c-torture/compile/20010113-1.c,  -O3 -fomit-frame-pointer  
FAIL: gcc.c-torture/compile/20010113-1.c,  -O3 -g  
FAIL: gcc.c-torture/compile/20010113-1.c,  -Os  
FAIL: gcc.c-torture/compile/20010114-2.c,  -O0  
FAIL: gcc.c-torture/compile/20010114-2.c,  -O1  
FAIL: gcc.c-torture/compile/20010114-2.c,  -O2  
FAIL: gcc.c-torture/compile/20010114-2.c,  -O3 -fomit-frame-pointer  
FAIL: gcc.c-torture/compile/20010114-2.c,  -O3 -g  
FAIL: gcc.c-torture/compile/20010114-2.c,  -Os  
FAIL: gcc.c-torture/execute/920410-1.c compilation,  -O3 -fomit-frame-pointer 
FAIL: gcc.c-torture/execute/920410-1.c compilation,  -O3 -g 
FAIL: gcc.c-torture/execute/920730-1t.c compilation,  -O0 
FAIL: gcc.c-torture/execute/920730-1t.c compilation,  -O1 
FAIL: gcc.c-torture/execute/920730-1t.c compilation,  -O2 
FAIL: gcc.c-torture/execute/920730-1t.c compilation,  -O3 -fomit-frame-pointer 
FAIL: gcc.c-torture/execute/920730-1t.c compilation,  -O3 -g 
FAIL: gcc.c-torture/execute/920730-1t.c compilation,  -Os 
FAIL: gcc.c-torture/execute/921113-1.c compilation,  -O3 -fomit-frame-pointer 
FAIL: gcc.c-torture/execute/921113-1.c compilation,  -O3 -g 
FAIL: gcc.c-torture/execute/921208-2.c compilation,  -O3 -fomit-frame-pointer 
FAIL: gcc.c-torture/execute/921208-2.c compilation,  -O3 -fomit-frame-pointer -funroll-loops 
FAIL: gcc.c-torture/execute/921208-2.c compilation,  -O3 -fomit-frame-pointer -funroll-all-loops -finline-functions 
FAIL: gcc.c-torture/execute/921208-2.c compilation,  -O3 -g 
FAIL: gcc.c-torture/execute/930106-1.c compilation,  -O3 -fomit-frame-pointer 
FAIL: gcc.c-torture/execute/930106-1.c compilation,  -O3 -g 
FAIL: gcc.c-torture/execute/950628-1.c execution,  -O1 
FAIL: gcc.c-torture/execute/950628-1.c execution,  -O2 
FAIL: gcc.c-torture/execute/950628-1.c execution,  -O3 -fomit-frame-pointer 
FAIL: gcc.c-torture/execute/950628-1.c execution,  -O3 -g 
FAIL: gcc.c-torture/execute/950628-1.c execution,  -Os 
FAIL: gcc.c-torture/execute/980605-1.c compilation,  -O3 -fomit-frame-pointer 
FAIL: gcc.c-torture/execute/980605-1.c compilation,  -O3 -g 
FAIL: gcc.c-torture/execute/memcpy-1.c compilation,  -O3 -fomit-frame-pointer 
FAIL: gcc.c-torture/execute/memcpy-1.c compilation,  -O3 -fomit-frame-pointer -funroll-loops 
FAIL: gcc.c-torture/execute/memcpy-1.c compilation,  -O3 -fomit-frame-pointer -funroll-all-loops -finline-functions 
FAIL: gcc.c-torture/execute/memcpy-1.c compilation,  -O3 -g 
FAIL: gcc.c-torture/execute/ieee/20000320-1-mod.c execution,  -O0 
FAIL: gcc.c-torture/execute/ieee/20000320-1-mod.c execution,  -O1 
FAIL: gcc.c-torture/execute/ieee/20000320-1-mod.c execution,  -O2 
FAIL: gcc.c-torture/execute/ieee/20000320-1-mod.c execution,  -O3 -fomit-frame-pointer 
FAIL: gcc.c-torture/execute/ieee/20000320-1-mod.c execution,  -O3 -g 
FAIL: gcc.c-torture/execute/ieee/20000320-1-mod.c execution,  -Os 
FAIL: gcc.c-torture/execute/ieee/20000320-1.c execution,  -O0 
FAIL: gcc.c-torture/execute/ieee/20000320-1.c execution,  -O1 
FAIL: gcc.c-torture/execute/ieee/20000320-1.c execution,  -O2 
FAIL: gcc.c-torture/execute/ieee/20000320-1.c execution,  -O3 -fomit-frame-pointer 
FAIL: gcc.c-torture/execute/ieee/20000320-1.c execution,  -O3 -g 
FAIL: gcc.c-torture/execute/ieee/20000320-1.c execution,  -Os 
XPASS: gcc.c-torture/execute/memcheck/blkarg.c execution,  -O0 
XPASS: gcc.c-torture/execute/memcheck/blkarg.c execution,  -O1 
XPASS: gcc.c-torture/execute/memcheck/blkarg.c execution,  -O2 
XPASS: gcc.c-torture/execute/memcheck/blkarg.c execution,  -Os 
FAIL: gcc.c-torture/unsorted/loop386.c,  -O3 -g  
FAIL: gcc.c-torture/unsorted/memtst.c,  -O3 -fomit-frame-pointer  
FAIL: gcc.c-torture/unsorted/memtst.c,  -O3 -fomit-frame-pointer -funroll-loops  
FAIL: gcc.c-torture/unsorted/memtst.c,  -O3 -fomit-frame-pointer -funroll-all-loops -finline-functions  
FAIL: gcc.c-torture/unsorted/memtst.c,  -O3 -g  
FAIL: gcc.c-torture/unsorted/msp.c,  -O3 -fomit-frame-pointer  
FAIL: gcc.c-torture/unsorted/msp.c,  -O3 -g  
FAIL: gcc.dg/c99-float-1.c (test for excess errors)
FAIL: gcc.dg/sequence-pt-1.c sequence point warning (test for warnings, line 59)

		=== gcc Summary ===

# of expected passes		12533
# of unexpected failures	69
# of unexpected successes	4
# of expected failures		89
# of unresolved testcases	22
# of unsupported tests		55
/am/father/frameworks/pooma/joldham/dev/gcc/objdir/gcc/xgcc version 2.97 20010117 (experimental)

		=== g++ tests ===


Running target unix
FAIL: g++.ext/instantiate1.C not instantiated (test for errors, line 18)
FAIL: g++.ext/instantiate1.C not instantiated (test for errors, line 20)
FAIL: g++.jason/2371.C (test for excess errors)
XPASS: g++.jason/thunk3.C (test for excess errors)
XPASS: g++.jason/thunk3.C  Execution test
FAIL: g++.other/crash32.C (test for excess errors)
FAIL: g++.other/eh3.C  Execution test
FAIL: g++.other/loop2.C caused compiler crash
FAIL: g++.pt/static11.C  Execution test

		=== g++ Summary ===

# of expected passes		6225
# of unexpected failures	7
# of unexpected successes	2
# of expected failures		101
# of untested testcases		19
/am/father/frameworks/pooma/joldham/dev/gcc/objdir/gcc/testsuite/../g++ version 2.97 20010117 (experimental)

		=== g77 tests ===


Running target unix
FAIL: g77.f-torture/execute/labug1.f compilation,  -O3 -g 
FAIL: g77.f-torture/execute/short.f execution,  -Os 

		=== g77 Summary ===

# of expected passes		908
# of unexpected failures	2
# of untested testcases		1
		=== objc tests ===


Running target unix
FAIL: objc/execute/fdecl.m compilation,  -O 
FAIL: objc/execute/np-1.m compilation,  -O 
FAIL: objc/execute/np-2.m compilation,  -O 
FAIL: objc/execute/protocol.m compilation,  -O 

		=== objc Summary ===

# of expected passes		46
# of unexpected failures	4
# of untested testcases		4
/am/father/frameworks/pooma/joldham/dev/gcc/objdir/gcc/xgcc version 2.97 20010117 (experimental)


Compiler version: 2.97 20010117 (experimental) 
Platform: mips-sgi-irix6.5
configure flags: --host=mips-sgi-irix6.5 --prefix=/users/joldham/pooma/dev/gcc-install/
Jeffrey D. Oldham
joldham@acl.lanl.gov
