Native configuration is sparc-sun-solaris2.7

		=== libstdc++-v3 tests ===


Detailed test results in ./testsuite/20010119-mkcheck.txt
+: pass, -b: build failure, -r: run failure, x: disabled
------------------------------------------------------------------------
static	shared	test
------------------------------------------------------------------------
+	+	17_intro/header_ciso646.cc
+	+	17_intro/header_cstdio.cc
+	+	17_intro/header_cstdlib.cc
+	+	17_intro/header_cstring.cc
+	+	17_intro/header_ctime.cc
+	+	17_intro/header_cwchar.cc
+	+	17_intro/header_cwctype.cc
+	+	17_intro/header_fstream.cc
+	+	17_intro/header_iomanip.cc
+	+	17_intro/header_ios.cc
+	+	17_intro/header_iosfwd.cc
+	+	17_intro/header_iostream.cc
+	+	17_intro/header_istream.cc
+	+	17_intro/header_ostream.cc
+	+	17_intro/header_sstream.cc
+	+	17_intro/header_streambuf.cc
+	+	17_intro/headers.cc
+	+	17_intro/headers_c++.cc
+	+	17_intro/headers_c.cc
+	+	18_support/numeric_limits.cc
+	+	20_util/auto_ptr.cc
+	+	21_strings/append.cc
+	+	21_strings/capacity.cc
+	+	21_strings/char_traits.cc
+	+	21_strings/compare.cc
+	+	21_strings/ctor_copy_dtor.cc
+	+	21_strings/element_access.cc
+	+	21_strings/find.cc
+	+	21_strings/insert.cc
+	+	21_strings/inserters_extractors.cc
+	+	21_strings/invariants.cc
+	+	21_strings/nonmember.cc
+	+	21_strings/operations.cc
+	+	21_strings/replace.cc
+	+	21_strings/rfind.cc
+	+	21_strings/substr.cc
+	+	22_locale/codecvt_char_char.cc
+	+	22_locale/codecvt_unicode_char.cc
+	+	22_locale/codecvt_unicode_wchar_t.cc
+	+	22_locale/codecvt_wchar_t_char.cc
+	+	22_locale/ctor_copy_dtor.cc
+	+	22_locale/ctype.cc
+	+	22_locale/ctype_char_members.cc
+	+	22_locale/ctype_wchar_t_members.cc
+	+	22_locale/facet.cc
+	+	22_locale/global_templates.cc
+	+	22_locale/operators.cc
+	+	22_locale/static_members.cc
+	+	23_containers/bitset_ctor.cc
+	+	23_containers/bitset_shift.cc
-b	-b	23_containers/map_operators.cc
+	+	23_containers/multiset.cc
-b	-b	23_containers/set_operators.cc
+	+	23_containers/vector_capacity.cc
+	+	23_containers/vector_ctor.cc
+	+	23_containers/vector_element_access.cc
+	+	23_containers/vector_modifiers.cc
+	+	24_iterators/istreambuf_iterator.cc
+	+	24_iterators/iterator.cc
+	+	25_algorithms/lower_bound.cc
+	+	25_algorithms/min_max.cc
+	+	26_numerics/binary_closure.cc
+	+	26_numerics/buggy_complex.cc
+	+	26_numerics/c_math.cc
+	+	26_numerics/complex_inserters_extractors.cc
+	+	26_numerics/complex_value.cc
+	+	26_numerics/valarray.cc
+	+	27_io/filebuf.cc
+	+	27_io/filebuf_members.cc
+	+	27_io/fpos.cc
+	+	27_io/ifstream_members.cc
+	+	27_io/ios_base_callbacks.cc
-r	-r	27_io/ios_base_members_static.cc
+	+	27_io/ios_base_storage.cc
+	+	27_io/ios_ctor.cc
+	+	27_io/ios_manip_basefield.cc
+	+	27_io/ios_manip_fmtflags.cc
+	+	27_io/ios_members.cc
+	+	27_io/istream.cc
+	+	27_io/istream_extractor_arith.cc
+	+	27_io/istream_extractor_char.cc
+	+	27_io/istream_extractor_other.cc
+	+	27_io/istream_manip.cc
+	+	27_io/istream_seeks.cc
+	+	27_io/istream_sentry.cc
+	+	27_io/istream_unformatted.cc
+	+	27_io/istringstream_members.cc
+	+	27_io/narrow_stream_objects.cc
+	+	27_io/ofstream_members.cc
+	+	27_io/ostream.cc
+	+	27_io/ostream_inserter_arith.cc
+	+	27_io/ostream_inserter_char.cc
+	+	27_io/ostream_inserter_other.cc
+	+	27_io/ostream_manip.cc
+	+	27_io/ostream_seeks.cc
+	+	27_io/ostream_unformatted.cc
+	+	27_io/streambuf.cc
+	+	27_io/stringbuf.cc
+	+	27_io/stringstream.cc
+	+	27_io/wide_stream_objects.cc
+	+	ext/headers.cc
testrun == 1245 seconds

		=== gcc tests ===


Running target unix
FAIL: gcc.c-torture/compile/921011-1.c,  -O3 -fomit-frame-pointer -funroll-loops  
FAIL: gcc.c-torture/compile/921011-1.c,  -O3 -fomit-frame-pointer -funroll-all-loops -finline-functions  
FAIL: gcc.c-torture/compile/961004-1.c,  -O3 -fomit-frame-pointer -funroll-loops  
FAIL: gcc.c-torture/compile/961004-1.c,  -O3 -fomit-frame-pointer -funroll-all-loops -finline-functions  
FAIL: gcc.c-torture/compile/20001226-1.c,  -O1  
FAIL: gcc.c-torture/compile/20001226-1.c,  -O2  
FAIL: gcc.c-torture/compile/20001226-1.c,  -O3 -fomit-frame-pointer  
FAIL: gcc.c-torture/compile/20001226-1.c,  -O3 -g  
FAIL: gcc.c-torture/compile/20001226-1.c,  -Os  
FAIL: gcc.c-torture/compile/20010102-1.c,  -O3 -fomit-frame-pointer -funroll-loops  
FAIL: gcc.c-torture/compile/20010102-1.c,  -O3 -fomit-frame-pointer -funroll-all-loops -finline-functions  
FAIL: gcc.c-torture/compile/20010113-1.c,  -O0  
FAIL: gcc.c-torture/compile/20010113-1.c,  -O1  
FAIL: gcc.c-torture/compile/20010113-1.c,  -O2  
FAIL: gcc.c-torture/compile/20010113-1.c,  -O3 -fomit-frame-pointer  
FAIL: gcc.c-torture/compile/20010113-1.c,  -O3 -g  
FAIL: gcc.c-torture/compile/20010113-1.c,  -Os  
FAIL: gcc.c-torture/compile/20010114-2.c,  -O0  
FAIL: gcc.c-torture/compile/20010114-2.c,  -O1  
FAIL: gcc.c-torture/compile/20010114-2.c,  -O2  
FAIL: gcc.c-torture/compile/20010114-2.c,  -O3 -fomit-frame-pointer  
FAIL: gcc.c-torture/compile/20010114-2.c,  -O3 -g  
FAIL: gcc.c-torture/compile/20010114-2.c,  -Os  
FAIL: gcc.c-torture/execute/20000422-1.c compilation,  -O3 -fomit-frame-pointer -funroll-loops 
FAIL: gcc.c-torture/execute/20000422-1.c compilation,  -O3 -fomit-frame-pointer -funroll-all-loops -finline-functions 
FAIL: gcc.c-torture/execute/20001130-2.c execution,  -O2 
FAIL: gcc.c-torture/execute/20001130-2.c execution,  -Os 
FAIL: gcc.c-torture/execute/20010116-1.c compilation,  -O3 -fomit-frame-pointer -funroll-loops 
FAIL: gcc.c-torture/execute/20010116-1.c compilation,  -O3 -fomit-frame-pointer -funroll-all-loops -finline-functions 
FAIL: gcc.c-torture/execute/921013-1.c compilation,  -O3 -fomit-frame-pointer -funroll-loops 
FAIL: gcc.c-torture/execute/921013-1.c compilation,  -O3 -fomit-frame-pointer -funroll-all-loops -finline-functions 
FAIL: gcc.c-torture/execute/960215-1.c execution,  -O1 
FAIL: gcc.c-torture/execute/960215-1.c execution,  -O2 
FAIL: gcc.c-torture/execute/960215-1.c execution,  -O3 -fomit-frame-pointer 
FAIL: gcc.c-torture/execute/960215-1.c execution,  -O3 -g 
FAIL: gcc.c-torture/execute/960215-1.c execution,  -Os 
FAIL: gcc.c-torture/execute/991016-1.c compilation,  -O3 -fomit-frame-pointer -funroll-loops 
FAIL: gcc.c-torture/execute/991016-1.c compilation,  -O3 -fomit-frame-pointer -funroll-all-loops -finline-functions 
FAIL: gcc.c-torture/execute/builtin-abs-1.c compilation,  -O1 
FAIL: gcc.c-torture/execute/builtin-abs-2.c compilation,  -O1 
FAIL: gcc.c-torture/execute/loop-8.c execution,  -O3 -fomit-frame-pointer 
FAIL: gcc.c-torture/execute/loop-8.c execution,  -O3 -fomit-frame-pointer -funroll-loops 
FAIL: gcc.c-torture/execute/loop-8.c execution,  -O3 -fomit-frame-pointer -funroll-all-loops -finline-functions 
FAIL: gcc.c-torture/execute/loop-8.c execution,  -O3 -g 
FAIL: gcc.c-torture/execute/regstack-1.c execution,  -O1 
FAIL: gcc.c-torture/execute/regstack-1.c execution,  -O2 
FAIL: gcc.c-torture/execute/regstack-1.c execution,  -O3 -fomit-frame-pointer 
FAIL: gcc.c-torture/execute/regstack-1.c execution,  -O3 -g 
FAIL: gcc.c-torture/execute/regstack-1.c execution,  -Os 
FAIL: gcc.c-torture/unsorted/bcopy.c,  -O3 -fomit-frame-pointer -funroll-loops  
FAIL: gcc.c-torture/unsorted/bcopy.c,  -O3 -fomit-frame-pointer -funroll-all-loops -finline-functions  
FAIL: gcc.c-torture/unsorted/loop-1.c,  -O3 -fomit-frame-pointer -funroll-loops  
FAIL: gcc.c-torture/unsorted/loop-1.c,  -O3 -fomit-frame-pointer -funroll-all-loops -finline-functions  
FAIL: gcc.c-torture/unsorted/loop386.c,  -O3 -fomit-frame-pointer -funroll-loops  
FAIL: gcc.c-torture/unsorted/loop386.c,  -O3 -fomit-frame-pointer -funroll-all-loops -finline-functions  
FAIL: gcc.dg/20001013-1.c (test for excess errors)
FAIL: gcc.dg/c99-float-1.c (test for excess errors)
FAIL: gcc.dg/sequence-pt-1.c sequence point warning (test for warnings, line 59)
FAIL: gcc.dg/ultrasp2.c (test for excess errors)

		=== gcc Summary ===

# of expected passes		14720
# of unexpected failures	59
# of expected failures		72
# of unresolved testcases	13
# of unsupported tests		48
/export/scratch/obj-sparc-sol/gcc/xgcc version 2.97 20010119 (experimental)

		=== g++ tests ===


Running target unix
FAIL: g++.dg/special/conpr-1.C execution test
FAIL: g++.dg/special/conpr-2.C execution test
FAIL: g++.dg/special/conpr-3.C execution test
FAIL: g++.dg/special/conpr-3.C execution test
FAIL: g++.ext/initp1.C  Execution test
FAIL: g++.ext/instantiate1.C not instantiated (test for errors, line 18)
FAIL: g++.ext/instantiate1.C not instantiated (test for errors, line 20)
FAIL: g++.ext/instantiate2.C not instantiated (test for errors, line 16)
FAIL: g++.ext/instantiate3.C not instantiated (test for errors, line 13)
FAIL: g++.jason/2371.C (test for excess errors)
FAIL: g++.other/crash18.C (test for excess errors)
FAIL: g++.other/crash32.C (test for excess errors)
FAIL: g++.other/loop2.C caused compiler crash
FAIL: g++.other/op2.C (test for excess errors)
FAIL: g++.other/op3.C (test for excess errors)
FAIL: g++.pt/static11.C  Execution test
FAIL: g++.robertl/eb39.C (test for excess errors)
FAIL: g++.robertl/eb91.C (test for excess errors)

		=== g++ Summary ===

# of expected passes		6243
# of unexpected failures	18
# of expected failures		93
# of untested testcases		17
/export/scratch/obj-sparc-sol/gcc/testsuite/../g++ version 2.97 20010119 (experimental)

		=== g77 tests ===


Running target unix
FAIL: g77.f-torture/compile/980310-3.f,  -O0  
FAIL: g77.f-torture/compile/980310-3.f,  -O1  
FAIL: g77.f-torture/compile/980310-3.f,  -O2  
FAIL: g77.f-torture/compile/980310-3.f,  -O2 -fomit-frame-pointer -finline-functions  
FAIL: g77.f-torture/compile/980310-3.f,  -O2 -fomit-frame-pointer -finline-functions -funroll-loops  
FAIL: g77.f-torture/compile/980310-3.f,  -O2 -fomit-frame-pointer -finline-functions -funroll-all-loops  
FAIL: g77.f-torture/compile/980310-3.f,  -O3 -g  
FAIL: g77.f-torture/compile/980310-3.f,  -Os  
FAIL: g77.f-torture/compile/980310-4.f,  -O0  
FAIL: g77.f-torture/compile/980310-4.f,  -O1  
FAIL: g77.f-torture/compile/980310-4.f,  -O2  
FAIL: g77.f-torture/compile/980310-4.f,  -O2 -fomit-frame-pointer -finline-functions  
FAIL: g77.f-torture/compile/980310-4.f,  -O2 -fomit-frame-pointer -finline-functions -funroll-loops  
FAIL: g77.f-torture/compile/980310-4.f,  -O2 -fomit-frame-pointer -finline-functions -funroll-all-loops  
FAIL: g77.f-torture/compile/980310-4.f,  -O3 -g  
FAIL: g77.f-torture/compile/980310-4.f,  -Os  
FAIL: g77.f-torture/compile/980310-7.f,  -O0  
FAIL: g77.f-torture/compile/980310-7.f,  -O1  
FAIL: g77.f-torture/compile/980310-7.f,  -O2  
FAIL: g77.f-torture/compile/980310-7.f,  -O2 -fomit-frame-pointer -finline-functions  
FAIL: g77.f-torture/compile/980310-7.f,  -O2 -fomit-frame-pointer -finline-functions -funroll-loops  
FAIL: g77.f-torture/compile/980310-7.f,  -O2 -fomit-frame-pointer -finline-functions -funroll-all-loops  
FAIL: g77.f-torture/compile/980310-7.f,  -O3 -g  
FAIL: g77.f-torture/compile/980310-7.f,  -Os  
FAIL: g77.f-torture/compile/980310-8.f,  -O0  
FAIL: g77.f-torture/compile/980310-8.f,  -O1  
FAIL: g77.f-torture/compile/980310-8.f,  -O2  
FAIL: g77.f-torture/compile/980310-8.f,  -O2 -fomit-frame-pointer -finline-functions  
FAIL: g77.f-torture/compile/980310-8.f,  -O2 -fomit-frame-pointer -finline-functions -funroll-loops  
FAIL: g77.f-torture/compile/980310-8.f,  -O2 -fomit-frame-pointer -finline-functions -funroll-all-loops  
FAIL: g77.f-torture/compile/980310-8.f,  -O3 -g  
FAIL: g77.f-torture/compile/980310-8.f,  -Os  
FAIL: g77.f-torture/compile/980419-2.f,  -O0  
FAIL: g77.f-torture/compile/980419-2.f,  -O1  
FAIL: g77.f-torture/compile/980419-2.f,  -O2  
FAIL: g77.f-torture/compile/980419-2.f,  -O2 -fomit-frame-pointer -finline-functions  
FAIL: g77.f-torture/compile/980419-2.f,  -O2 -fomit-frame-pointer -finline-functions -funroll-loops  
FAIL: g77.f-torture/compile/980419-2.f,  -O2 -fomit-frame-pointer -finline-functions -funroll-all-loops  
FAIL: g77.f-torture/compile/980419-2.f,  -O3 -g  
FAIL: g77.f-torture/compile/980419-2.f,  -Os  
FAIL: g77.f-torture/compile/990115-1.f,  -O0  
FAIL: g77.f-torture/compile/990115-1.f,  -O1  
FAIL: g77.f-torture/compile/990115-1.f,  -O2  
FAIL: g77.f-torture/compile/990115-1.f,  -O2 -fomit-frame-pointer -finline-functions  
FAIL: g77.f-torture/compile/990115-1.f,  -O2 -fomit-frame-pointer -finline-functions -funroll-loops  
FAIL: g77.f-torture/compile/990115-1.f,  -O2 -fomit-frame-pointer -finline-functions -funroll-all-loops  
FAIL: g77.f-torture/compile/990115-1.f,  -O3 -g  
FAIL: g77.f-torture/compile/990115-1.f,  -Os  
FAIL: g77.f-torture/compile/alpha1.f,  -O0  
FAIL: g77.f-torture/compile/alpha1.f,  -O1  
FAIL: g77.f-torture/compile/alpha1.f,  -O2  
FAIL: g77.f-torture/compile/alpha1.f,  -O2 -fomit-frame-pointer -finline-functions  
FAIL: g77.f-torture/compile/alpha1.f,  -O3 -g  
FAIL: g77.f-torture/compile/alpha1.f,  -Os  
FAIL: g77.f-torture/compile/19990502-0.f,  -O0  
FAIL: g77.f-torture/compile/19990502-0.f,  -O1  
FAIL: g77.f-torture/compile/19990502-0.f,  -O2  
FAIL: g77.f-torture/compile/19990502-0.f,  -O2 -fomit-frame-pointer -finline-functions  
FAIL: g77.f-torture/compile/19990502-0.f,  -O3 -g  
FAIL: g77.f-torture/compile/19990502-0.f,  -Os  
FAIL: g77.f-torture/compile/19990502-1.f,  -O0  
FAIL: g77.f-torture/compile/19990502-1.f,  -O1  
FAIL: g77.f-torture/compile/19990502-1.f,  -O2  
FAIL: g77.f-torture/compile/19990502-1.f,  -O2 -fomit-frame-pointer -finline-functions  
FAIL: g77.f-torture/compile/19990502-1.f,  -O2 -fomit-frame-pointer -finline-functions -funroll-loops  
FAIL: g77.f-torture/compile/19990502-1.f,  -O2 -fomit-frame-pointer -finline-functions -funroll-all-loops  
FAIL: g77.f-torture/compile/19990502-1.f,  -O3 -g  
FAIL: g77.f-torture/compile/19990502-1.f,  -Os  
FAIL: g77.f-torture/compile/19990826-1.f,  -O0  
FAIL: g77.f-torture/compile/19990826-1.f,  -O1  
FAIL: g77.f-torture/compile/19990826-1.f,  -O2  
FAIL: g77.f-torture/compile/19990826-1.f,  -O2 -fomit-frame-pointer -finline-functions  
FAIL: g77.f-torture/compile/19990826-1.f,  -O3 -g  
FAIL: g77.f-torture/compile/19990826-1.f,  -Os  
FAIL: g77.f-torture/compile/19990826-3.f,  -O0  
FAIL: g77.f-torture/compile/19990826-3.f,  -O1  
FAIL: g77.f-torture/compile/19990826-3.f,  -O2  
FAIL: g77.f-torture/compile/19990826-3.f,  -O2 -fomit-frame-pointer -finline-functions  
FAIL: g77.f-torture/compile/19990826-3.f,  -O2 -fomit-frame-pointer -finline-functions -funroll-loops  
FAIL: g77.f-torture/compile/19990826-3.f,  -O2 -fomit-frame-pointer -finline-functions -funroll-all-loops  
FAIL: g77.f-torture/compile/19990826-3.f,  -O3 -g  
FAIL: g77.f-torture/compile/19990826-3.f,  -Os  
FAIL: g77.f-torture/compile/20000511-2.f,  -O0  
FAIL: g77.f-torture/compile/20000511-2.f,  -O1  
FAIL: g77.f-torture/compile/20000511-2.f,  -O2  
FAIL: g77.f-torture/compile/20000511-2.f,  -O2 -fomit-frame-pointer -finline-functions  
FAIL: g77.f-torture/compile/20000511-2.f,  -O2 -fomit-frame-pointer -finline-functions -funroll-loops  
FAIL: g77.f-torture/compile/20000511-2.f,  -O2 -fomit-frame-pointer -finline-functions -funroll-all-loops  
FAIL: g77.f-torture/compile/20000511-2.f,  -O3 -g  
FAIL: g77.f-torture/compile/20000511-2.f,  -Os  
FAIL: g77.f-torture/compile/20000518.f,  -O0  
FAIL: g77.f-torture/compile/20000518.f,  -O1  
FAIL: g77.f-torture/compile/20000518.f,  -O2  
FAIL: g77.f-torture/compile/20000518.f,  -O2 -fomit-frame-pointer -finline-functions  
FAIL: g77.f-torture/compile/20000518.f,  -O2 -fomit-frame-pointer -finline-functions -funroll-loops  
FAIL: g77.f-torture/compile/20000518.f,  -O2 -fomit-frame-pointer -finline-functions -funroll-all-loops  
FAIL: g77.f-torture/compile/20000518.f,  -O3 -g  
FAIL: g77.f-torture/compile/20000518.f,  -Os  
FAIL: g77.f-torture/compile/20000601-1.f,  -O0  
FAIL: g77.f-torture/compile/20000601-1.f,  -O1  
FAIL: g77.f-torture/compile/20000601-1.f,  -O2  
FAIL: g77.f-torture/compile/20000601-1.f,  -O2 -fomit-frame-pointer -finline-functions  
FAIL: g77.f-torture/compile/20000601-1.f,  -O2 -fomit-frame-pointer -finline-functions -funroll-loops  
FAIL: g77.f-torture/compile/20000601-1.f,  -O2 -fomit-frame-pointer -finline-functions -funroll-all-loops  
FAIL: g77.f-torture/compile/20000601-1.f,  -O3 -g  
FAIL: g77.f-torture/compile/20000601-1.f,  -Os  
FAIL: g77.f-torture/compile/20000629-1.f,  -O0  
FAIL: g77.f-torture/compile/20000629-1.f,  -O1  
FAIL: g77.f-torture/compile/20000629-1.f,  -O2  
FAIL: g77.f-torture/compile/20000629-1.f,  -O2 -fomit-frame-pointer -finline-functions  
FAIL: g77.f-torture/compile/20000629-1.f,  -O2 -fomit-frame-pointer -finline-functions -funroll-loops  
FAIL: g77.f-torture/compile/20000629-1.f,  -O2 -fomit-frame-pointer -finline-functions -funroll-all-loops  
FAIL: g77.f-torture/compile/20000629-1.f,  -O3 -g  
FAIL: g77.f-torture/compile/20000629-1.f,  -Os  
FAIL: g77.f-torture/compile/20000601-2.f,  -O0  
FAIL: g77.f-torture/compile/20000601-2.f,  -O1  
FAIL: g77.f-torture/compile/20000601-2.f,  -O2  
FAIL: g77.f-torture/compile/20000601-2.f,  -O2 -fomit-frame-pointer -finline-functions  
FAIL: g77.f-torture/compile/20000601-2.f,  -O2 -fomit-frame-pointer -finline-functions -funroll-loops  
FAIL: g77.f-torture/compile/20000601-2.f,  -O2 -fomit-frame-pointer -finline-functions -funroll-all-loops  
FAIL: g77.f-torture/compile/20000601-2.f,  -O3 -g  
FAIL: g77.f-torture/compile/20000601-2.f,  -Os  
FAIL: g77.f-torture/execute/19990313-0.f compilation,  -O0 
FAIL: g77.f-torture/execute/19990313-0.f compilation,  -O1 
FAIL: g77.f-torture/execute/19990313-0.f compilation,  -O2 
FAIL: g77.f-torture/execute/19990313-0.f compilation,  -O2 -fomit-frame-pointer -finline-functions 
FAIL: g77.f-torture/execute/19990313-0.f compilation,  -O3 -g 
FAIL: g77.f-torture/execute/19990313-0.f compilation,  -Os 
FAIL: g77.f-torture/execute/19990313-1.f compilation,  -O0 
FAIL: g77.f-torture/execute/19990313-1.f compilation,  -O1 
FAIL: g77.f-torture/execute/19990313-1.f compilation,  -O2 
FAIL: g77.f-torture/execute/19990313-1.f compilation,  -O2 -fomit-frame-pointer -finline-functions 
FAIL: g77.f-torture/execute/19990313-1.f compilation,  -O3 -g 
FAIL: g77.f-torture/execute/19990313-1.f compilation,  -Os 
FAIL: g77.f-torture/execute/19990313-2.f compilation,  -O0 
FAIL: g77.f-torture/execute/19990313-2.f compilation,  -O1 
FAIL: g77.f-torture/execute/19990313-2.f compilation,  -O2 
FAIL: g77.f-torture/execute/19990313-2.f compilation,  -O2 -fomit-frame-pointer -finline-functions 
FAIL: g77.f-torture/execute/19990313-2.f compilation,  -O3 -g 
FAIL: g77.f-torture/execute/19990313-2.f compilation,  -Os 
FAIL: g77.f-torture/execute/19990313-3.f compilation,  -O0 
FAIL: g77.f-torture/execute/19990313-3.f compilation,  -O1 
FAIL: g77.f-torture/execute/19990313-3.f compilation,  -O2 
FAIL: g77.f-torture/execute/19990313-3.f compilation,  -O2 -fomit-frame-pointer -finline-functions 
FAIL: g77.f-torture/execute/19990313-3.f compilation,  -O3 -g 
FAIL: g77.f-torture/execute/19990313-3.f compilation,  -Os 
FAIL: g77.f-torture/execute/19990325-0.f compilation,  -O0 
FAIL: g77.f-torture/execute/19990325-0.f compilation,  -O1 
FAIL: g77.f-torture/execute/19990325-0.f compilation,  -O2 
FAIL: g77.f-torture/execute/19990325-0.f compilation,  -O2 -fomit-frame-pointer -finline-functions 
FAIL: g77.f-torture/execute/19990325-0.f compilation,  -O3 -g 
FAIL: g77.f-torture/execute/19990325-0.f compilation,  -Os 
FAIL: g77.f-torture/execute/19990325-1.f compilation,  -O0 
FAIL: g77.f-torture/execute/19990325-1.f compilation,  -O1 
FAIL: g77.f-torture/execute/19990325-1.f compilation,  -O2 
FAIL: g77.f-torture/execute/19990325-1.f compilation,  -O2 -fomit-frame-pointer -finline-functions 
FAIL: g77.f-torture/execute/19990325-1.f compilation,  -O3 -g 
FAIL: g77.f-torture/execute/19990325-1.f compilation,  -Os 
FAIL: g77.f-torture/execute/19990419-1.f compilation,  -O0 
FAIL: g77.f-torture/execute/19990419-1.f compilation,  -O1 
FAIL: g77.f-torture/execute/19990419-1.f compilation,  -O2 
FAIL: g77.f-torture/execute/19990419-1.f compilation,  -O2 -fomit-frame-pointer -finline-functions 
FAIL: g77.f-torture/execute/19990419-1.f compilation,  -O2 -fomit-frame-pointer -finline-functions -funroll-loops 
FAIL: g77.f-torture/execute/19990419-1.f compilation,  -O2 -fomit-frame-pointer -finline-functions -funroll-all-loops 
FAIL: g77.f-torture/execute/19990419-1.f compilation,  -O3 -g 
FAIL: g77.f-torture/execute/19990419-1.f compilation,  -Os 
FAIL: g77.f-torture/execute/20000503-1.f compilation,  -O0 
FAIL: g77.f-torture/execute/20000503-1.f compilation,  -O1 
FAIL: g77.f-torture/execute/20000503-1.f compilation,  -O2 
FAIL: g77.f-torture/execute/20000503-1.f compilation,  -O2 -fomit-frame-pointer -finline-functions 
FAIL: g77.f-torture/execute/20000503-1.f compilation,  -O2 -fomit-frame-pointer -finline-functions -funroll-loops 
FAIL: g77.f-torture/execute/20000503-1.f compilation,  -O2 -fomit-frame-pointer -finline-functions -funroll-all-loops 
FAIL: g77.f-torture/execute/20000503-1.f compilation,  -O3 -g 
FAIL: g77.f-torture/execute/20000503-1.f compilation,  -Os 
FAIL: g77.f-torture/execute/20010116.f compilation,  -O0 
FAIL: g77.f-torture/execute/20010116.f compilation,  -O1 
FAIL: g77.f-torture/execute/20010116.f compilation,  -O2 
FAIL: g77.f-torture/execute/20010116.f compilation,  -O2 -fomit-frame-pointer -finline-functions 
FAIL: g77.f-torture/execute/20010116.f compilation,  -O2 -fomit-frame-pointer -finline-functions -funroll-loops 
FAIL: g77.f-torture/execute/20010116.f compilation,  -O2 -fomit-frame-pointer -finline-functions -funroll-all-loops 
FAIL: g77.f-torture/execute/20010116.f compilation,  -O3 -g 
FAIL: g77.f-torture/execute/20010116.f compilation,  -Os 
FAIL: g77.f-torture/execute/970625-2.f compilation,  -O0 
FAIL: g77.f-torture/execute/970625-2.f compilation,  -O1 
FAIL: g77.f-torture/execute/970625-2.f compilation,  -O2 
FAIL: g77.f-torture/execute/970625-2.f compilation,  -O2 -fomit-frame-pointer -finline-functions 
FAIL: g77.f-torture/execute/970625-2.f compilation,  -O2 -fomit-frame-pointer -finline-functions -funroll-loops 
FAIL: g77.f-torture/execute/970625-2.f compilation,  -O2 -fomit-frame-pointer -finline-functions -funroll-all-loops 
FAIL: g77.f-torture/execute/970625-2.f compilation,  -O3 -g 
FAIL: g77.f-torture/execute/970625-2.f compilation,  -Os 
FAIL: g77.f-torture/execute/970816-3.f compilation,  -O0 
FAIL: g77.f-torture/execute/970816-3.f compilation,  -O1 
FAIL: g77.f-torture/execute/970816-3.f compilation,  -O2 
FAIL: g77.f-torture/execute/970816-3.f compilation,  -O2 -fomit-frame-pointer -finline-functions 
FAIL: g77.f-torture/execute/970816-3.f compilation,  -O3 -g 
FAIL: g77.f-torture/execute/970816-3.f compilation,  -Os 
FAIL: g77.f-torture/execute/971102-1.f compilation,  -O0 
FAIL: g77.f-torture/execute/971102-1.f compilation,  -O1 
FAIL: g77.f-torture/execute/971102-1.f compilation,  -O2 
FAIL: g77.f-torture/execute/971102-1.f compilation,  -O2 -fomit-frame-pointer -finline-functions 
FAIL: g77.f-torture/execute/971102-1.f compilation,  -O2 -fomit-frame-pointer -finline-functions -funroll-loops 
FAIL: g77.f-torture/execute/971102-1.f compilation,  -O2 -fomit-frame-pointer -finline-functions -funroll-all-loops 
FAIL: g77.f-torture/execute/971102-1.f compilation,  -O3 -g 
FAIL: g77.f-torture/execute/971102-1.f compilation,  -Os 
FAIL: g77.f-torture/execute/980520-1.f compilation,  -O0 
FAIL: g77.f-torture/execute/980520-1.f compilation,  -O1 
FAIL: g77.f-torture/execute/980520-1.f compilation,  -O2 
FAIL: g77.f-torture/execute/980520-1.f compilation,  -O2 -fomit-frame-pointer -finline-functions 
FAIL: g77.f-torture/execute/980520-1.f compilation,  -O3 -g 
FAIL: g77.f-torture/execute/980520-1.f compilation,  -Os 
FAIL: g77.f-torture/execute/980628-0.f compilation,  -O0 
FAIL: g77.f-torture/execute/980628-0.f compilation,  -O1 
FAIL: g77.f-torture/execute/980628-0.f compilation,  -O2 
FAIL: g77.f-torture/execute/980628-0.f compilation,  -O2 -fomit-frame-pointer -finline-functions 
FAIL: g77.f-torture/execute/980628-0.f compilation,  -O3 -g 
FAIL: g77.f-torture/execute/980628-0.f compilation,  -Os 
FAIL: g77.f-torture/execute/980628-1.f compilation,  -O0 
FAIL: g77.f-torture/execute/980628-1.f compilation,  -O1 
FAIL: g77.f-torture/execute/980628-1.f compilation,  -O2 
FAIL: g77.f-torture/execute/980628-1.f compilation,  -O2 -fomit-frame-pointer -finline-functions 
FAIL: g77.f-torture/execute/980628-1.f compilation,  -O3 -g 
FAIL: g77.f-torture/execute/980628-1.f compilation,  -Os 
FAIL: g77.f-torture/execute/980628-7.f compilation,  -O0 
FAIL: g77.f-torture/execute/980628-7.f compilation,  -O1 
FAIL: g77.f-torture/execute/980628-7.f compilation,  -O2 
FAIL: g77.f-torture/execute/980628-7.f compilation,  -O2 -fomit-frame-pointer -finline-functions 
FAIL: g77.f-torture/execute/980628-7.f compilation,  -O3 -g 
FAIL: g77.f-torture/execute/980628-7.f compilation,  -Os 
FAIL: g77.f-torture/execute/980628-8.f compilation,  -O0 
FAIL: g77.f-torture/execute/980628-8.f compilation,  -O1 
FAIL: g77.f-torture/execute/980628-8.f compilation,  -O2 
FAIL: g77.f-torture/execute/980628-8.f compilation,  -O2 -fomit-frame-pointer -finline-functions 
FAIL: g77.f-torture/execute/980628-8.f compilation,  -O3 -g 
FAIL: g77.f-torture/execute/980628-8.f compilation,  -Os 
FAIL: g77.f-torture/execute/980701-0.f compilation,  -O0 
FAIL: g77.f-torture/execute/980701-0.f compilation,  -O1 
FAIL: g77.f-torture/execute/980701-0.f compilation,  -O2 
FAIL: g77.f-torture/execute/980701-0.f compilation,  -O2 -fomit-frame-pointer -finline-functions 
FAIL: g77.f-torture/execute/980701-0.f compilation,  -O3 -g 
FAIL: g77.f-torture/execute/980701-0.f compilation,  -Os 
FAIL: g77.f-torture/execute/980701-1.f compilation,  -O0 
FAIL: g77.f-torture/execute/980701-1.f compilation,  -O1 
FAIL: g77.f-torture/execute/980701-1.f compilation,  -O2 
FAIL: g77.f-torture/execute/980701-1.f compilation,  -O2 -fomit-frame-pointer -finline-functions 
FAIL: g77.f-torture/execute/980701-1.f compilation,  -O3 -g 
FAIL: g77.f-torture/execute/980701-1.f compilation,  -Os 
FAIL: g77.f-torture/execute/alpha2.f compilation,  -O0 
FAIL: g77.f-torture/execute/alpha2.f compilation,  -O1 
FAIL: g77.f-torture/execute/alpha2.f compilation,  -O2 
FAIL: g77.f-torture/execute/alpha2.f compilation,  -O2 -fomit-frame-pointer -finline-functions 
FAIL: g77.f-torture/execute/alpha2.f compilation,  -O3 -g 
FAIL: g77.f-torture/execute/alpha2.f compilation,  -Os 
FAIL: g77.f-torture/execute/auto0.f compilation,  -O0 
FAIL: g77.f-torture/execute/auto0.f compilation,  -O1 
FAIL: g77.f-torture/execute/auto0.f compilation,  -O2 
FAIL: g77.f-torture/execute/auto0.f compilation,  -O2 -fomit-frame-pointer -finline-functions 
FAIL: g77.f-torture/execute/auto0.f compilation,  -O2 -fomit-frame-pointer -finline-functions -funroll-loops 
FAIL: g77.f-torture/execute/auto0.f compilation,  -O2 -fomit-frame-pointer -finline-functions -funroll-all-loops 
FAIL: g77.f-torture/execute/auto0.f compilation,  -O3 -g 
FAIL: g77.f-torture/execute/auto0.f compilation,  -Os 
FAIL: g77.f-torture/execute/auto1.f compilation,  -O0 
FAIL: g77.f-torture/execute/auto1.f compilation,  -O1 
FAIL: g77.f-torture/execute/auto1.f compilation,  -O2 
FAIL: g77.f-torture/execute/auto1.f compilation,  -O2 -fomit-frame-pointer -finline-functions 
FAIL: g77.f-torture/execute/auto1.f compilation,  -O2 -fomit-frame-pointer -finline-functions -funroll-loops 
FAIL: g77.f-torture/execute/auto1.f compilation,  -O2 -fomit-frame-pointer -finline-functions -funroll-all-loops 
FAIL: g77.f-torture/execute/auto1.f compilation,  -O3 -g 
FAIL: g77.f-torture/execute/auto1.f compilation,  -Os 
FAIL: g77.f-torture/execute/claus.f compilation,  -O0 
FAIL: g77.f-torture/execute/claus.f compilation,  -O1 
FAIL: g77.f-torture/execute/claus.f compilation,  -O2 
FAIL: g77.f-torture/execute/claus.f compilation,  -O2 -fomit-frame-pointer -finline-functions 
FAIL: g77.f-torture/execute/claus.f compilation,  -O2 -fomit-frame-pointer -finline-functions -funroll-loops 
FAIL: g77.f-torture/execute/claus.f compilation,  -O2 -fomit-frame-pointer -finline-functions -funroll-all-loops 
FAIL: g77.f-torture/execute/claus.f compilation,  -O3 -g 
FAIL: g77.f-torture/execute/claus.f compilation,  -Os 
FAIL: g77.f-torture/execute/dnrm2.f compilation,  -O0 
FAIL: g77.f-torture/execute/dnrm2.f compilation,  -O1 
FAIL: g77.f-torture/execute/dnrm2.f compilation,  -O2 
FAIL: g77.f-torture/execute/dnrm2.f compilation,  -O2 -fomit-frame-pointer -finline-functions 
FAIL: g77.f-torture/execute/dnrm2.f compilation,  -O2 -fomit-frame-pointer -finline-functions -funroll-loops 
FAIL: g77.f-torture/execute/dnrm2.f compilation,  -O2 -fomit-frame-pointer -finline-functions -funroll-all-loops 
FAIL: g77.f-torture/execute/dnrm2.f compilation,  -O3 -g 
FAIL: g77.f-torture/execute/dnrm2.f compilation,  -Os 
FAIL: g77.f-torture/execute/io0.f compilation,  -O0 
FAIL: g77.f-torture/execute/io0.f compilation,  -O1 
FAIL: g77.f-torture/execute/io0.f compilation,  -O2 
FAIL: g77.f-torture/execute/io0.f compilation,  -O2 -fomit-frame-pointer -finline-functions 
FAIL: g77.f-torture/execute/io0.f compilation,  -O3 -g 
FAIL: g77.f-torture/execute/io0.f compilation,  -Os 
FAIL: g77.f-torture/execute/le.f compilation,  -O0 
FAIL: g77.f-torture/execute/le.f compilation,  -O1 
FAIL: g77.f-torture/execute/le.f compilation,  -O2 
FAIL: g77.f-torture/execute/le.f compilation,  -O2 -fomit-frame-pointer -finline-functions 
FAIL: g77.f-torture/execute/le.f compilation,  -O3 -g 
FAIL: g77.f-torture/execute/le.f compilation,  -Os 
FAIL: g77.f-torture/execute/u77-test.f compilation,  -O0 
FAIL: g77.f-torture/execute/u77-test.f compilation,  -O1 
FAIL: g77.f-torture/execute/u77-test.f compilation,  -O2 
FAIL: g77.f-torture/execute/u77-test.f compilation,  -O2 -fomit-frame-pointer -finline-functions 
FAIL: g77.f-torture/execute/u77-test.f compilation,  -O2 -fomit-frame-pointer -finline-functions -funroll-loops 
FAIL: g77.f-torture/execute/u77-test.f compilation,  -O2 -fomit-frame-pointer -finline-functions -funroll-all-loops 
FAIL: g77.f-torture/execute/u77-test.f compilation,  -O3 -g 
FAIL: g77.f-torture/execute/u77-test.f compilation,  -Os 
FAIL: g77.f-torture/execute/cpp2.F compilation,  -O0 
FAIL: g77.f-torture/execute/cpp2.F compilation,  -O1 
FAIL: g77.f-torture/execute/cpp2.F compilation,  -O2 
FAIL: g77.f-torture/execute/cpp2.F compilation,  -O2 -fomit-frame-pointer -finline-functions 
FAIL: g77.f-torture/execute/cpp2.F compilation,  -O3 -g 
FAIL: g77.f-torture/execute/cpp2.F compilation,  -Os 

		=== g77 Summary ===

# of expected passes		421
# of unexpected failures	310
# of untested testcases		188
		=== objc tests ===


Running target unix
FAIL: objc/execute/bf-1.m compilation,  -O 
FAIL: objc/execute/bf-10.m compilation,  -O 
FAIL: objc/execute/bf-11.m compilation,  -O 
FAIL: objc/execute/bf-12.m compilation,  -O 
FAIL: objc/execute/bf-13.m compilation,  -O 
FAIL: objc/execute/bf-14.m compilation,  -O 
FAIL: objc/execute/bf-15.m compilation,  -O 
FAIL: objc/execute/bf-16.m compilation,  -O 
FAIL: objc/execute/bf-17.m compilation,  -O 
FAIL: objc/execute/bf-18.m compilation,  -O 
FAIL: objc/execute/bf-19.m compilation,  -O 
FAIL: objc/execute/bf-2.m compilation,  -O 
FAIL: objc/execute/bf-20.m compilation,  -O 
FAIL: objc/execute/bf-3.m compilation,  -O 
FAIL: objc/execute/bf-4.m compilation,  -O 
FAIL: objc/execute/bf-5.m compilation,  -O 
FAIL: objc/execute/bf-6.m compilation,  -O 
FAIL: objc/execute/bf-7.m compilation,  -O 
FAIL: objc/execute/bf-8.m compilation,  -O 
FAIL: objc/execute/bf-9.m compilation,  -O 
FAIL: objc/execute/fdecl.m compilation,  -O 
FAIL: objc/execute/np-1.m compilation,  -O 
FAIL: objc/execute/np-2.m compilation,  -O 
FAIL: objc/execute/protocol.m compilation,  -O 
FAIL: objc/execute/string1.m compilation,  -O 
FAIL: objc/execute/string2.m compilation,  -O 

		=== objc Summary ===

# of expected passes		2
# of unexpected failures	26
# of untested testcases		26
/export/scratch/obj-sparc-sol/gcc/xgcc version 2.97 20010119 (experimental)


Compiler version: 2.97 20010119 (experimental) 
Platform: sparc-sun-solaris2.7
configure flags: --host=sparc-sun-solaris2.7
Counting all warnings,
there are 104 warnings in stage3 of this bootstrap.

Number of warnings per file:
  27 gcc/combine.c
   6 gcc/loop.c
   6 gcc/cse.c
   6 gcc/cp/pt.c
   5 gcc/reload1.c
   5 gcc/libgcc2.c
   5 gcc/expr.c
   5 gcc/cp/error.c
   4 gcc/gcc.c
   4 gcc/config/sparc/sparc.c
   2 hashtab.c
   2 gcc/reload.c
   2 gcc/java/verify.c
   2 gcc/java/jcf-io.c
   2 gcc/function.c
   2 gcc/fold-const.c
   2 gcc/dwarf2out.c
   2 gcc/cp/call.c
   2 gcc/alias.c
   1 gcc/sched-deps.c
   1 gcc/regmove.c
   1 gcc/objc/lang-specs.h
   1 gcc/java/mangle.c
   1 gcc/java/jvspec.c
   1 gcc/flow.c
   1 gcc/final.c
   1 gcc/f/lang-specs.h
   1 gcc/expmed.c
   1 gcc/dwarfout.c
   1 gcc/cp/lang-specs.h
   1 gcc/cp/init.c
   1 gcc/cp/errfn.c

Number of warning types:
  57 comparison between signed and unsigned
  12 \`???' might be used uninitialized in this function
  10 signed and unsigned type in conditional expression
   8 string length \`???' is greater than the minimum length \`???' ISO C89 is required to support
   5 initialization from incompatible pointer type
   2 missing braces around initializer
   2 function declaration isn't a prototype
   2 (near initialization for \`???')
   1 pointer targets in passing arg ??? of \`???' differ in signedness
   1 passing arg ??? of \`???' discards qualifiers from pointer target type
   1 integer constant is unsigned in ISO C, signed with -traditional
   1 implicit declaration of function \`???'
   1 decimal constant is so large that it is unsigned
   1 \`???' defined but not used
